[45] Log opened at 2021-05-05 07:50:05.715552
[45] [Step Debug] INFO: Checking remote connect back address.
[45] [Step Debug] INFO: Checking header 'HTTP_X_FORWARDED_FOR'.
[45] [Step Debug] INFO: Checking header 'REMOTE_ADDR'.
[45] [Step Debug] WARN: Could not discover client host through HTTP headers, connecting to configured address/port: localhost:9000. :-|
[45] [Step Debug] INFO: Connected to debugging client: localhost:9000 (fallback through xdebug.client_host/xdebug.client_port). :-)
[45] [Step Debug] -> <init xmlns="urn:debugger_protocol_v1" xmlns:xdebug="https://xdebug.org/dbgp/xdebug" fileuri="file:///var/www/html/artisan" language="PHP" xdebug:language_version="7.4.18" protocol_version="1.0" appid="45"><engine version="3.0.0"><![CDATA[Xdebug]]></engine><author><![CDATA[Derick Rethans]]></author><url><![CDATA[https://xdebug.org]]></url><copyright><![CDATA[Copyright (c) 2002-2020 by Derick Rethans]]></copyright></init>

[45] [Step Debug] -> <response xmlns="urn:debugger_protocol_v1" xmlns:xdebug="https://xdebug.org/dbgp/xdebug" status="stopping" reason="ok"></response>

[45] [Step Debug] WARN: 2021-05-05 07:50:06.737162: There was a problem sending 179 bytes on socket 3: Broken pipe.
[45] Log closed at 2021-05-05 07:50:06.740601

[28] Log opened at 2021-05-05 07:50:46.273595
[28] [Step Debug] INFO: Checking remote connect back address.
[28] [Step Debug] INFO: Checking header 'HTTP_X_FORWARDED_FOR'.
[28] [Step Debug] INFO: Checking header 'REMOTE_ADDR'.
[28] [Step Debug] INFO: Client host discovered through HTTP header, connecting to 172.28.0.1:9000.
[28] [Step Debug] INFO: Connected to debugging client: 172.28.0.1:9000 (from REMOTE_ADDR HTTP header). :-)
[28] [Step Debug] -> <init xmlns="urn:debugger_protocol_v1" xmlns:xdebug="https://xdebug.org/dbgp/xdebug" fileuri="file:///var/www/html/public/index.php" language="PHP" xdebug:language_version="7.4.18" protocol_version="1.0" appid="28"><engine version="3.0.0"><![CDATA[Xdebug]]></engine><author><![CDATA[Derick Rethans]]></author><url><![CDATA[https://xdebug.org]]></url><copyright><![CDATA[Copyright (c) 2002-2020 by Derick Rethans]]></copyright></init>

[28] [Step Debug] <- feature_set -i 1 -n show_hidden -v 1
[28] [Step Debug] -> <response xmlns="urn:debugger_protocol_v1" xmlns:xdebug="https://xdebug.org/dbgp/xdebug" command="feature_set" transaction_id="1" feature="show_hidden" success="1"></response>

[28] [Step Debug] <- feature_set -i 2 -n max_depth -v 1
[28] [Step Debug] -> <response xmlns="urn:debugger_protocol_v1" xmlns:xdebug="https://xdebug.org/dbgp/xdebug" command="feature_set" transaction_id="2" feature="max_depth" success="1"></response>

[28] [Step Debug] <- feature_set -i 3 -n max_children -v 100
[28] [Step Debug] -> <response xmlns="urn:debugger_protocol_v1" xmlns:xdebug="https://xdebug.org/dbgp/xdebug" command="feature_set" transaction_id="3" feature="max_children" success="1"></response>

[28] [Step Debug] <- feature_set -i 4 -n extended_properties -v 1
[28] [Step Debug] -> <response xmlns="urn:debugger_protocol_v1" xmlns:xdebug="https://xdebug.org/dbgp/xdebug" command="feature_set" transaction_id="4" feature="extended_properties" success="1"></response>

[28] [Step Debug] <- feature_set -i 5 -n notify_ok -v 1
[28] [Step Debug] -> <response xmlns="urn:debugger_protocol_v1" xmlns:xdebug="https://xdebug.org/dbgp/xdebug" command="feature_set" transaction_id="5" feature="notify_ok" success="1"></response>

[28] [Step Debug] <- feature_set -i 6 -n resolved_breakpoints -v 1
[28] [Step Debug] -> <response xmlns="urn:debugger_protocol_v1" xmlns:xdebug="https://xdebug.org/dbgp/xdebug" command="feature_set" transaction_id="6" feature="resolved_breakpoints" success="1"></response>

[28] [Step Debug] <- stdout -i 7 -c 1
[28] [Step Debug] -> <response xmlns="urn:debugger_protocol_v1" xmlns:xdebug="https://xdebug.org/dbgp/xdebug" command="stdout" transaction_id="7" success="1"></response>

[28] [Step Debug] <- status -i 8
[28] [Step Debug] -> <response xmlns="urn:debugger_protocol_v1" xmlns:xdebug="https://xdebug.org/dbgp/xdebug" command="status" transaction_id="8" status="starting" reason="ok"></response>

[28] [Step Debug] <- step_into -i 9
[28] [Step Debug] -> <response xmlns="urn:debugger_protocol_v1" xmlns:xdebug="https://xdebug.org/dbgp/xdebug" command="step_into" transaction_id="9" status="break" reason="ok"><xdebug:message filename="file:///var/www/html/public/index.php" lineno="6"></xdebug:message></response>

[28] [Step Debug] <- eval -i 10 -- aXNzZXQoJF9TRVJWRVJbJ1BIUF9JREVfQ09ORklHJ10p
[28] [Step Debug] -> <response xmlns="urn:debugger_protocol_v1" xmlns:xdebug="https://xdebug.org/dbgp/xdebug" command="eval" transaction_id="10"><property type="bool"><![CDATA[0]]></property></response>

[28] [Step Debug] <- eval -i 11 -- aXNzZXQoJF9TRVJWRVJbJ1NFUlZFUl9OQU1FJ10p
[28] [Step Debug] -> <response xmlns="urn:debugger_protocol_v1" xmlns:xdebug="https://xdebug.org/dbgp/xdebug" command="eval" transaction_id="11"><property type="bool"><![CDATA[1]]></property></response>

[28] [Step Debug] <- eval -i 12 -- KHN0cmluZykoJF9TRVJWRVJbJ1NFUlZFUl9OQU1FJ10p
[28] [Step Debug] -> <response xmlns="urn:debugger_protocol_v1" xmlns:xdebug="https://xdebug.org/dbgp/xdebug" command="eval" transaction_id="12"><property type="string" size="1" encoding="base64"><![CDATA[Xw==]]></property></response>

[28] [Step Debug] <- eval -i 13 -- KHN0cmluZykoJF9TRVJWRVJbJ1NFUlZFUl9QT1JUJ10p
[28] [Step Debug] -> <response xmlns="urn:debugger_protocol_v1" xmlns:xdebug="https://xdebug.org/dbgp/xdebug" command="eval" transaction_id="13"><property type="string" size="2" encoding="base64"><![CDATA[ODA=]]></property></response>

[28] [Step Debug] <- eval -i 14 -- KHN0cmluZykoJF9TRVJWRVJbJ1JFUVVFU1RfVVJJJ10p
[28] [Step Debug] -> <response xmlns="urn:debugger_protocol_v1" xmlns:xdebug="https://xdebug.org/dbgp/xdebug" command="eval" transaction_id="14"><property type="string" size="15" encoding="base64"><![CDATA[L2FwaS9hdXRoL2xvZ2lu]]></property></response>

[28] [Step Debug] <- breakpoint_set -i 15 -t line -f file:///var/www/html/vendor/tymon/jwt-auth/src/JWTGuard.php -n 126
[28] [Step Debug] -> <response xmlns="urn:debugger_protocol_v1" xmlns:xdebug="https://xdebug.org/dbgp/xdebug" command="breakpoint_set" transaction_id="15" id="280003" resolved="unresolved"></response>

[28] [Step Debug] <- stack_get -i 16
[28] [Step Debug] -> <response xmlns="urn:debugger_protocol_v1" xmlns:xdebug="https://xdebug.org/dbgp/xdebug" command="stack_get" transaction_id="16"><stack where="{main}" level="0" type="file" filename="file:///var/www/html/public/index.php" lineno="6"></stack></response>

[28] [Step Debug] <- run -i 17
[28] [Step Debug] -> <notify xmlns="urn:debugger_protocol_v1" xmlns:xdebug="https://xdebug.org/dbgp/xdebug" name="breakpoint_resolved"><breakpoint type="line" resolved="resolved" filename="file:///var/www/html/vendor/tymon/jwt-auth/src/JWTGuard.php" lineno="126" state="enabled" hit_count="0" hit_value="0" id="280003"></breakpoint></notify>

[28] [Step Debug] -> <response xmlns="urn:debugger_protocol_v1" xmlns:xdebug="https://xdebug.org/dbgp/xdebug" command="run" transaction_id="17" status="break" reason="ok"><xdebug:message filename="file:///var/www/html/vendor/tymon/jwt-auth/src/JWTGuard.php" lineno="126"></xdebug:message></response>

[28] [Step Debug] <- stack_get -i 18
[28] [Step Debug] -> <response xmlns="urn:debugger_protocol_v1" xmlns:xdebug="https://xdebug.org/dbgp/xdebug" command="stack_get" transaction_id="18"><stack where="Tymon\JWTAuth\JWTGuard-&gt;attempt" level="0" type="file" filename="file:///var/www/html/vendor/tymon/jwt-auth/src/JWTGuard.php" lineno="126"></stack><stack where="Illuminate\Auth\AuthManager-&gt;__call" level="1" type="file" filename="file:///var/www/html/vendor/laravel/framework/src/Illuminate/Auth/AuthManager.php" lineno="332"></stack><stack where="Illuminate\
[28] [Step Debug] <- context_names -i 19
[28] [Step Debug] -> <response xmlns="urn:debugger_protocol_v1" xmlns:xdebug="https://xdebug.org/dbgp/xdebug" command="context_names" transaction_id="19"><context name="Locals" id="0"></context><context name="Superglobals" id="1"></context><context name="User defined constants" id="2"></context></response>

[28] [Step Debug] <- context_get -i 20 -d 0 -c 0
[28] [Step Debug] -> <response xmlns="urn:debugger_protocol_v1" xmlns:xdebug="https://xdebug.org/dbgp/xdebug" command="context_get" transaction_id="20" context="0"><property name="$credentials" fullname="$credentials" type="array" children="1" numchildren="2" page="0" pagesize="100"><property name="email" fullname="$credentials[&quot;email&quot;]" type="string" size="13" encoding="base64"><![CDATA[YmllbkBtYWlsLmNvbQ==]]></property><property name="password" fullname="$credentials[&quot;password&quot;]" type="string" size="8"
[28] [Step Debug] <- context_get -i 21 -d 0 -c 1
[28] [Step Debug] -> <response xmlns="urn:debugger_protocol_v1" xmlns:xdebug="https://xdebug.org/dbgp/xdebug" command="context_get" transaction_id="21" context="1"><property name="$_COOKIE" fullname="$_COOKIE" type="array" children="1" numchildren="1" page="0" pagesize="100"><property name="COOKIE_SUPPORT" fullname="$_COOKIE[&quot;COOKIE_SUPPORT&quot;]" type="string" size="4" encoding="base64"><![CDATA[dHJ1ZQ==]]></property></property><property name="$_ENV" fullname="$_ENV" type="array" children="1" numchildren="90" page="0
[28] [Step Debug] <- context_get -i 22 -d 0 -c 2
[28] [Step Debug] -> <response xmlns="urn:debugger_protocol_v1" xmlns:xdebug="https://xdebug.org/dbgp/xdebug" command="context_get" transaction_id="22" context="2"><property name="LARAVEL_START" fullname="LARAVEL_START" type="float" facet="constant"><![CDATA[1620201046.3239]]></property><property name="FILTER_VALIDATE_BOOL" fullname="FILTER_VALIDATE_BOOL" type="int" facet="constant"><![CDATA[258]]></property><property name="U_IDNA_PROHIBITED_ERROR" fullname="U_IDNA_PROHIBITED_ERROR" type="int" facet="constant"><![CDATA[6656
[28] [Step Debug] <- step_over -i 23
[28] [Step Debug] -> <response xmlns="urn:debugger_protocol_v1" xmlns:xdebug="https://xdebug.org/dbgp/xdebug" command="step_over" transaction_id="23" status="break" reason="ok"><xdebug:message filename="file:///var/www/html/vendor/tymon/jwt-auth/src/JWTGuard.php" lineno="127"></xdebug:message></response>

[28] [Step Debug] <- stack_get -i 24
[28] [Step Debug] -> <response xmlns="urn:debugger_protocol_v1" xmlns:xdebug="https://xdebug.org/dbgp/xdebug" command="stack_get" transaction_id="24"><stack where="Tymon\JWTAuth\JWTGuard-&gt;attempt" level="0" type="file" filename="file:///var/www/html/vendor/tymon/jwt-auth/src/JWTGuard.php" lineno="127"></stack><stack where="Illuminate\Auth\AuthManager-&gt;__call" level="1" type="file" filename="file:///var/www/html/vendor/laravel/framework/src/Illuminate/Auth/AuthManager.php" lineno="332"></stack><stack where="Illuminate\
[28] [Step Debug] <- context_get -i 25 -d 0 -c 0
[28] [Step Debug] -> <response xmlns="urn:debugger_protocol_v1" xmlns:xdebug="https://xdebug.org/dbgp/xdebug" command="context_get" transaction_id="25" context="0"><property name="$credentials" fullname="$credentials" type="array" children="1" numchildren="2" page="0" pagesize="100"><property name="email" fullname="$credentials[&quot;email&quot;]" type="string" size="13" encoding="base64"><![CDATA[YmllbkBtYWlsLmNvbQ==]]></property><property name="password" fullname="$credentials[&quot;password&quot;]" type="string" size="8"
[28] [Step Debug] <- context_get -i 26 -d 0 -c 1
[28] [Step Debug] -> <response xmlns="urn:debugger_protocol_v1" xmlns:xdebug="https://xdebug.org/dbgp/xdebug" command="context_get" transaction_id="26" context="1"><property name="$_COOKIE" fullname="$_COOKIE" type="array" children="1" numchildren="1" page="0" pagesize="100"><property name="COOKIE_SUPPORT" fullname="$_COOKIE[&quot;COOKIE_SUPPORT&quot;]" type="string" size="4" encoding="base64"><![CDATA[dHJ1ZQ==]]></property></property><property name="$_ENV" fullname="$_ENV" type="array" children="1" numchildren="90" page="0
[28] [Step Debug] <- context_get -i 27 -d 0 -c 2
[28] [Step Debug] -> <response xmlns="urn:debugger_protocol_v1" xmlns:xdebug="https://xdebug.org/dbgp/xdebug" command="context_get" transaction_id="27" context="2"><property name="LARAVEL_START" fullname="LARAVEL_START" type="float" facet="constant"><![CDATA[1620201046.3239]]></property><property name="FILTER_VALIDATE_BOOL" fullname="FILTER_VALIDATE_BOOL" type="int" facet="constant"><![CDATA[258]]></property><property name="U_IDNA_PROHIBITED_ERROR" fullname="U_IDNA_PROHIBITED_ERROR" type="int" facet="constant"><![CDATA[6656
[28] [Step Debug] <- step_over -i 28
[28] [Step Debug] -> <response xmlns="urn:debugger_protocol_v1" xmlns:xdebug="https://xdebug.org/dbgp/xdebug" command="step_over" transaction_id="28" status="break" reason="ok"><xdebug:message filename="file:///var/www/html/app/Http/Controllers/AuthController.php" lineno="35"></xdebug:message></response>

[28] [Step Debug] <- stack_get -i 29
[28] [Step Debug] -> <response xmlns="urn:debugger_protocol_v1" xmlns:xdebug="https://xdebug.org/dbgp/xdebug" command="stack_get" transaction_id="29"><stack where="App\Http\Controllers\AuthController-&gt;login" level="0" type="file" filename="file:///var/www/html/app/Http/Controllers/AuthController.php" lineno="35"></stack><stack where="App\Http\Controllers\AuthController-&gt;callAction" level="1" type="file" filename="file:///var/www/html/vendor/laravel/framework/src/Illuminate/Routing/Controller.php" lineno="54"></stack><
[28] [Step Debug] <- context_get -i 30 -d 0 -c 0
[28] [Step Debug] -> <response xmlns="urn:debugger_protocol_v1" xmlns:xdebug="https://xdebug.org/dbgp/xdebug" command="context_get" transaction_id="30" context="0"><property name="$credentials" fullname="$credentials" type="array" children="1" numchildren="2" page="0" pagesize="100"><property name="email" fullname="$credentials[&quot;email&quot;]" type="string" size="13" encoding="base64"><![CDATA[YmllbkBtYWlsLmNvbQ==]]></property><property name="password" fullname="$credentials[&quot;password&quot;]" type="string" size="8"
[28] [Step Debug] <- context_get -i 31 -d 0 -c 1
[28] [Step Debug] -> <response xmlns="urn:debugger_protocol_v1" xmlns:xdebug="https://xdebug.org/dbgp/xdebug" command="context_get" transaction_id="31" context="1"><property name="$_COOKIE" fullname="$_COOKIE" type="array" children="1" numchildren="1" page="0" pagesize="100"><property name="COOKIE_SUPPORT" fullname="$_COOKIE[&quot;COOKIE_SUPPORT&quot;]" type="string" size="4" encoding="base64"><![CDATA[dHJ1ZQ==]]></property></property><property name="$_ENV" fullname="$_ENV" type="array" children="1" numchildren="90" page="0
[28] [Step Debug] <- context_get -i 32 -d 0 -c 2
[28] [Step Debug] -> <response xmlns="urn:debugger_protocol_v1" xmlns:xdebug="https://xdebug.org/dbgp/xdebug" command="context_get" transaction_id="32" context="2"><property name="LARAVEL_START" fullname="LARAVEL_START" type="float" facet="constant"><![CDATA[1620201046.3239]]></property><property name="FILTER_VALIDATE_BOOL" fullname="FILTER_VALIDATE_BOOL" type="int" facet="constant"><![CDATA[258]]></property><property name="U_IDNA_PROHIBITED_ERROR" fullname="U_IDNA_PROHIBITED_ERROR" type="int" facet="constant"><![CDATA[6656
[28] [Step Debug] <- step_over -i 33
[28] [Step Debug] -> <response xmlns="urn:debugger_protocol_v1" xmlns:xdebug="https://xdebug.org/dbgp/xdebug" command="step_over" transaction_id="33" status="break" reason="ok"><xdebug:message filename="file:///var/www/html/vendor/laravel/framework/src/Illuminate/Routing/Router.php" lineno="761"></xdebug:message></response>

[28] [Step Debug] <- stack_get -i 34
[28] [Step Debug] -> <response xmlns="urn:debugger_protocol_v1" xmlns:xdebug="https://xdebug.org/dbgp/xdebug" command="stack_get" transaction_id="34"><stack where="Illuminate\Routing\Router-&gt;prepareResponse" level="0" type="file" filename="file:///var/www/html/vendor/laravel/framework/src/Illuminate/Routing/Router.php" lineno="761"></stack><stack where="Illuminate\Routing\Router-&gt;Illuminate\Routing\{closure:/var/www/html/vendor/laravel/framework/src/Illuminate/Routing/Router.php:693-697}" level="1" type="file" filenam
[28] [Step Debug] <- context_get -i 35 -d 0 -c 0
[28] [Step Debug] -> <response xmlns="urn:debugger_protocol_v1" xmlns:xdebug="https://xdebug.org/dbgp/xdebug" command="context_get" transaction_id="35" context="0"><property name="$request" fullname="$request" type="object" classname="Illuminate\Http\Request" children="1" numchildren="37" page="0" pagesize="100"><property name="trustedProxies" fullname="$request::trustedProxies" facet="static protected" type="array" children="0" numchildren="0"></property><property name="trustedHostPatterns" fullname="$request::trustedHostP
[28] [Step Debug] <- context_get -i 36 -d 0 -c 1
[28] [Step Debug] -> <response xmlns="urn:debugger_protocol_v1" xmlns:xdebug="https://xdebug.org/dbgp/xdebug" command="context_get" transaction_id="36" context="1"><property name="$_COOKIE" fullname="$_COOKIE" type="array" children="1" numchildren="1" page="0" pagesize="100"><property name="COOKIE_SUPPORT" fullname="$_COOKIE[&quot;COOKIE_SUPPORT&quot;]" type="string" size="4" encoding="base64"><![CDATA[dHJ1ZQ==]]></property></property><property name="$_ENV" fullname="$_ENV" type="array" children="1" numchildren="90" page="0
[28] [Step Debug] <- context_get -i 37 -d 0 -c 2
[28] [Step Debug] -> <response xmlns="urn:debugger_protocol_v1" xmlns:xdebug="https://xdebug.org/dbgp/xdebug" command="context_get" transaction_id="37" context="2"><property name="LARAVEL_START" fullname="LARAVEL_START" type="float" facet="constant"><![CDATA[1620201046.3239]]></property><property name="FILTER_VALIDATE_BOOL" fullname="FILTER_VALIDATE_BOOL" type="int" facet="constant"><![CDATA[258]]></property><property name="U_IDNA_PROHIBITED_ERROR" fullname="U_IDNA_PROHIBITED_ERROR" type="int" facet="constant"><![CDATA[6656
[28] [Step Debug] <- step_over -i 38
[28] [Step Debug] -> <response xmlns="urn:debugger_protocol_v1" xmlns:xdebug="https://xdebug.org/dbgp/xdebug" command="step_over" transaction_id="38" status="break" reason="ok"><xdebug:message filename="file:///var/www/html/vendor/laravel/framework/src/Illuminate/Pipeline/Pipeline.php" lineno="170"></xdebug:message></response>

[28] [Step Debug] <- stack_get -i 39
[28] [Step Debug] -> <response xmlns="urn:debugger_protocol_v1" xmlns:xdebug="https://xdebug.org/dbgp/xdebug" command="stack_get" transaction_id="39"><stack where="Illuminate\Routing\Pipeline-&gt;Illuminate\Pipeline\{closure:/var/www/html/vendor/laravel/framework/src/Illuminate/Pipeline/Pipeline.php:143-174}" level="0" type="file" filename="file:///var/www/html/vendor/laravel/framework/src/Illuminate/Pipeline/Pipeline.php" lineno="170"></stack><stack where="Illuminate\Routing\Middleware\ThrottleRequests-&gt;handleRequest" l
[28] [Step Debug] <- context_get -i 40 -d 0 -c 0
[28] [Step Debug] -> <response xmlns="urn:debugger_protocol_v1" xmlns:xdebug="https://xdebug.org/dbgp/xdebug" command="context_get" transaction_id="40" context="0"><property name="$carry" fullname="$carry" type="object" classname="Illuminate\Http\JsonResponse" children="1" numchildren="13" page="0" pagesize="100"><property name="statusTexts" fullname="$carry::statusTexts" facet="static public" type="array" children="1" numchildren="62"></property><property name="macros" fullname="$carry::macros" facet="static protected" typ
[28] [Step Debug] <- context_get -i 41 -d 0 -c 1
[28] [Step Debug] -> <response xmlns="urn:debugger_protocol_v1" xmlns:xdebug="https://xdebug.org/dbgp/xdebug" command="context_get" transaction_id="41" context="1"><property name="$_COOKIE" fullname="$_COOKIE" type="array" children="1" numchildren="1" page="0" pagesize="100"><property name="COOKIE_SUPPORT" fullname="$_COOKIE[&quot;COOKIE_SUPPORT&quot;]" type="string" size="4" encoding="base64"><![CDATA[dHJ1ZQ==]]></property></property><property name="$_ENV" fullname="$_ENV" type="array" children="1" numchildren="90" page="0
[28] [Step Debug] <- context_get -i 42 -d 0 -c 2
[28] [Step Debug] -> <response xmlns="urn:debugger_protocol_v1" xmlns:xdebug="https://xdebug.org/dbgp/xdebug" command="context_get" transaction_id="42" context="2"><property name="LARAVEL_START" fullname="LARAVEL_START" type="float" facet="constant"><![CDATA[1620201046.3239]]></property><property name="FILTER_VALIDATE_BOOL" fullname="FILTER_VALIDATE_BOOL" type="int" facet="constant"><![CDATA[258]]></property><property name="U_IDNA_PROHIBITED_ERROR" fullname="U_IDNA_PROHIBITED_ERROR" type="int" facet="constant"><![CDATA[6656
[28] [Step Debug] <- run -i 43
[28] [Step Debug] -> <stream xmlns="urn:debugger_protocol_v1" xmlns:xdebug="https://xdebug.org/dbgp/xdebug" type="stdout" encoding="base64"><![CDATA[WC1Qb3dlcmVkLUJ5OiBQSFAvNy40LjE4]]></stream>

[28] [Step Debug] -> <stream xmlns="urn:debugger_protocol_v1" xmlns:xdebug="https://xdebug.org/dbgp/xdebug" type="stdout" encoding="base64"><![CDATA[DQo=]]></stream>

[28] [Step Debug] -> <stream xmlns="urn:debugger_protocol_v1" xmlns:xdebug="https://xdebug.org/dbgp/xdebug" type="stdout" encoding="base64"><![CDATA[Q2FjaGUtQ29udHJvbDogbm8tY2FjaGUsIHByaXZhdGU=]]></stream>

[28] [Step Debug] -> <stream xmlns="urn:debugger_protocol_v1" xmlns:xdebug="https://xdebug.org/dbgp/xdebug" type="stdout" encoding="base64"><![CDATA[DQo=]]></stream>

[28] [Step Debug] -> <stream xmlns="urn:debugger_protocol_v1" xmlns:xdebug="https://xdebug.org/dbgp/xdebug" type="stdout" encoding="base64"><![CDATA[RGF0ZTogV2VkLCAwNSBNYXkgMjAyMSAwNzo1MDo1OSBHTVQ=]]></stream>

[28] [Step Debug] -> <stream xmlns="urn:debugger_protocol_v1" xmlns:xdebug="https://xdebug.org/dbgp/xdebug" type="stdout" encoding="base64"><![CDATA[DQo=]]></stream>

[28] [Step Debug] -> <stream xmlns="urn:debugger_protocol_v1" xmlns:xdebug="https://xdebug.org/dbgp/xdebug" type="stdout" encoding="base64"><![CDATA[Q29udGVudC1UeXBlOiBhcHBsaWNhdGlvbi9qc29u]]></stream>

[28] [Step Debug] -> <stream xmlns="urn:debugger_protocol_v1" xmlns:xdebug="https://xdebug.org/dbgp/xdebug" type="stdout" encoding="base64"><![CDATA[DQo=]]></stream>

[28] [Step Debug] -> <stream xmlns="urn:debugger_protocol_v1" xmlns:xdebug="https://xdebug.org/dbgp/xdebug" type="stdout" encoding="base64"><![CDATA[WC1SYXRlTGltaXQtTGltaXQ6IDYw]]></stream>

[28] [Step Debug] -> <stream xmlns="urn:debugger_protocol_v1" xmlns:xdebug="https://xdebug.org/dbgp/xdebug" type="stdout" encoding="base64"><![CDATA[DQo=]]></stream>

[28] [Step Debug] -> <stream xmlns="urn:debugger_protocol_v1" xmlns:xdebug="https://xdebug.org/dbgp/xdebug" type="stdout" encoding="base64"><![CDATA[WC1SYXRlTGltaXQtUmVtYWluaW5nOiA1OQ==]]></stream>

[28] [Step Debug] -> <stream xmlns="urn:debugger_protocol_v1" xmlns:xdebug="https://xdebug.org/dbgp/xdebug" type="stdout" encoding="base64"><![CDATA[DQo=]]></stream>

[28] [Step Debug] -> <stream xmlns="urn:debugger_protocol_v1" xmlns:xdebug="https://xdebug.org/dbgp/xdebug" type="stdout" encoding="base64"><![CDATA[QWNjZXNzLUNvbnRyb2wtQWxsb3ctT3JpZ2luOiAq]]></stream>

[28] [Step Debug] -> <stream xmlns="urn:debugger_protocol_v1" xmlns:xdebug="https://xdebug.org/dbgp/xdebug" type="stdout" encoding="base64"><![CDATA[DQo=]]></stream>

[28] [Step Debug] -> <stream xmlns="urn:debugger_protocol_v1" xmlns:xdebug="https://xdebug.org/dbgp/xdebug" type="stdout" encoding="base64"><![CDATA[DQo=]]></stream>

[28] [Step Debug] -> <stream xmlns="urn:debugger_protocol_v1" xmlns:xdebug="https://xdebug.org/dbgp/xdebug" type="stdout" encoding="base64"><![CDATA[eyJhY2Nlc3NfdG9rZW4iOiJleUowZVhBaU9pSktWMVFpTENKaGJHY2lPaUpJVXpJMU5pSjkuZXlKcGMzTWlPaUpvZEhSd09sd3ZYQzlzYjJOaGJHaHZjM1E2T0RBd01Wd3ZZWEJwWEM5aGRYUm9YQzlzYjJkcGJpSXNJbWxoZENJNk1UWXlNREl3TVRBMU55d2laWGh3SWpveE5qSXdNakEwTmpVM0xDSnVZbVlpT2pFMk1qQXlNREV3TlRjc0ltcDBhU0k2SWsxWFFXeFRhbEJoWWtaYVIwbHVia3NpTENKemRXSWlPakVzSW5CeWRpSTZJbU00WldVeFptTTRPV1UzTnpWbFl6UmpOek00TmpZM1pUVmlaVEUzWVRV
[28] [Step Debug] -> <response xmlns="urn:debugger_protocol_v1" xmlns:xdebug="https://xdebug.org/dbgp/xdebug" command="run" transaction_id="43" status="stopping" reason="ok"></response>

[28] [Step Debug] <- detach -i 44
[28] [Step Debug] -> <response xmlns="urn:debugger_protocol_v1" xmlns:xdebug="https://xdebug.org/dbgp/xdebug" command="detach" transaction_id="44" status="stopping" reason="ok"></response>

[28] Log closed at 2021-05-05 07:51:05.140650

[10] Log opened at 2021-05-05 08:18:20.971314
[10] [Step Debug] INFO: Checking remote connect back address.
[10] [Step Debug] INFO: Checking header 'HTTP_X_FORWARDED_FOR'.
[10] [Step Debug] INFO: Checking header 'REMOTE_ADDR'.
[10] [Step Debug] INFO: Client host discovered through HTTP header, connecting to 172.28.0.1:9000.
[10] [Step Debug] INFO: Connected to debugging client: 172.28.0.1:9000 (from REMOTE_ADDR HTTP header). :-)
[10] [Step Debug] -> <init xmlns="urn:debugger_protocol_v1" xmlns:xdebug="https://xdebug.org/dbgp/xdebug" fileuri="file:///var/www/html/public/index.php" language="PHP" xdebug:language_version="7.4.18" protocol_version="1.0" appid="10"><engine version="3.0.0"><![CDATA[Xdebug]]></engine><author><![CDATA[Derick Rethans]]></author><url><![CDATA[https://xdebug.org]]></url><copyright><![CDATA[Copyright (c) 2002-2020 by Derick Rethans]]></copyright></init>

[10] [Step Debug] <- feature_set -i 1 -n show_hidden -v 1
[10] [Step Debug] -> <response xmlns="urn:debugger_protocol_v1" xmlns:xdebug="https://xdebug.org/dbgp/xdebug" command="feature_set" transaction_id="1" feature="show_hidden" success="1"></response>

[10] [Step Debug] <- feature_set -i 2 -n max_depth -v 1
[10] [Step Debug] -> <response xmlns="urn:debugger_protocol_v1" xmlns:xdebug="https://xdebug.org/dbgp/xdebug" command="feature_set" transaction_id="2" feature="max_depth" success="1"></response>

[10] [Step Debug] <- feature_set -i 3 -n max_children -v 100
[10] [Step Debug] -> <response xmlns="urn:debugger_protocol_v1" xmlns:xdebug="https://xdebug.org/dbgp/xdebug" command="feature_set" transaction_id="3" feature="max_children" success="1"></response>

[10] [Step Debug] <- feature_set -i 4 -n extended_properties -v 1
[10] [Step Debug] -> <response xmlns="urn:debugger_protocol_v1" xmlns:xdebug="https://xdebug.org/dbgp/xdebug" command="feature_set" transaction_id="4" feature="extended_properties" success="1"></response>

[10] [Step Debug] <- feature_set -i 5 -n notify_ok -v 1
[10] [Step Debug] -> <response xmlns="urn:debugger_protocol_v1" xmlns:xdebug="https://xdebug.org/dbgp/xdebug" command="feature_set" transaction_id="5" feature="notify_ok" success="1"></response>

[10] [Step Debug] <- feature_set -i 6 -n resolved_breakpoints -v 1
[10] [Step Debug] -> <response xmlns="urn:debugger_protocol_v1" xmlns:xdebug="https://xdebug.org/dbgp/xdebug" command="feature_set" transaction_id="6" feature="resolved_breakpoints" success="1"></response>

[10] [Step Debug] <- stdout -i 7 -c 1
[10] [Step Debug] -> <response xmlns="urn:debugger_protocol_v1" xmlns:xdebug="https://xdebug.org/dbgp/xdebug" command="stdout" transaction_id="7" success="1"></response>

[10] [Step Debug] <- status -i 8
[10] [Step Debug] -> <response xmlns="urn:debugger_protocol_v1" xmlns:xdebug="https://xdebug.org/dbgp/xdebug" command="status" transaction_id="8" status="starting" reason="ok"></response>

[10] [Step Debug] <- step_into -i 9
[10] [Step Debug] -> <response xmlns="urn:debugger_protocol_v1" xmlns:xdebug="https://xdebug.org/dbgp/xdebug" command="step_into" transaction_id="9" status="break" reason="ok"><xdebug:message filename="file:///var/www/html/public/index.php" lineno="6"></xdebug:message></response>

[10] [Step Debug] <- eval -i 10 -- aXNzZXQoJF9TRVJWRVJbJ1BIUF9JREVfQ09ORklHJ10p
[10] [Step Debug] -> <response xmlns="urn:debugger_protocol_v1" xmlns:xdebug="https://xdebug.org/dbgp/xdebug" command="eval" transaction_id="10"><property type="bool"><![CDATA[0]]></property></response>

[10] [Step Debug] <- eval -i 11 -- aXNzZXQoJF9TRVJWRVJbJ1NFUlZFUl9OQU1FJ10p
[10] [Step Debug] -> <response xmlns="urn:debugger_protocol_v1" xmlns:xdebug="https://xdebug.org/dbgp/xdebug" command="eval" transaction_id="11"><property type="bool"><![CDATA[1]]></property></response>

[10] [Step Debug] <- eval -i 12 -- KHN0cmluZykoJF9TRVJWRVJbJ1NFUlZFUl9OQU1FJ10p
[10] [Step Debug] -> <response xmlns="urn:debugger_protocol_v1" xmlns:xdebug="https://xdebug.org/dbgp/xdebug" command="eval" transaction_id="12"><property type="string" size="1" encoding="base64"><![CDATA[Xw==]]></property></response>

[10] [Step Debug] <- eval -i 13 -- KHN0cmluZykoJF9TRVJWRVJbJ1NFUlZFUl9QT1JUJ10p
[10] [Step Debug] -> <response xmlns="urn:debugger_protocol_v1" xmlns:xdebug="https://xdebug.org/dbgp/xdebug" command="eval" transaction_id="13"><property type="string" size="2" encoding="base64"><![CDATA[ODA=]]></property></response>

[10] [Step Debug] <- eval -i 14 -- KHN0cmluZykoJF9TRVJWRVJbJ1JFUVVFU1RfVVJJJ10p
[10] [Step Debug] -> <response xmlns="urn:debugger_protocol_v1" xmlns:xdebug="https://xdebug.org/dbgp/xdebug" command="eval" transaction_id="14"><property type="string" size="15" encoding="base64"><![CDATA[L2FwaS9hdXRoL2xvZ2lu]]></property></response>

[10] [Step Debug] <- stack_get -i 15
[10] [Step Debug] -> <response xmlns="urn:debugger_protocol_v1" xmlns:xdebug="https://xdebug.org/dbgp/xdebug" command="stack_get" transaction_id="15"><stack where="{main}" level="0" type="file" filename="file:///var/www/html/public/index.php" lineno="6"></stack></response>

[10] [Step Debug] <- run -i 16
[10] [Step Debug] -> <stream xmlns="urn:debugger_protocol_v1" xmlns:xdebug="https://xdebug.org/dbgp/xdebug" type="stdout" encoding="base64"><![CDATA[U3RhdHVzOiA0MDEgVW5hdXRob3JpemVkDQo=]]></stream>

[10] [Step Debug] -> <stream xmlns="urn:debugger_protocol_v1" xmlns:xdebug="https://xdebug.org/dbgp/xdebug" type="stdout" encoding="base64"><![CDATA[WC1Qb3dlcmVkLUJ5OiBQSFAvNy40LjE4]]></stream>

[10] [Step Debug] -> <stream xmlns="urn:debugger_protocol_v1" xmlns:xdebug="https://xdebug.org/dbgp/xdebug" type="stdout" encoding="base64"><![CDATA[DQo=]]></stream>

[10] [Step Debug] -> <stream xmlns="urn:debugger_protocol_v1" xmlns:xdebug="https://xdebug.org/dbgp/xdebug" type="stdout" encoding="base64"><![CDATA[d3d3LWF1dGhlbnRpY2F0ZTogand0LWF1dGg=]]></stream>

[10] [Step Debug] -> <stream xmlns="urn:debugger_protocol_v1" xmlns:xdebug="https://xdebug.org/dbgp/xdebug" type="stdout" encoding="base64"><![CDATA[DQo=]]></stream>

[10] [Step Debug] -> <stream xmlns="urn:debugger_protocol_v1" xmlns:xdebug="https://xdebug.org/dbgp/xdebug" type="stdout" encoding="base64"><![CDATA[Q2FjaGUtQ29udHJvbDogbm8tY2FjaGUsIHByaXZhdGU=]]></stream>

[10] [Step Debug] -> <stream xmlns="urn:debugger_protocol_v1" xmlns:xdebug="https://xdebug.org/dbgp/xdebug" type="stdout" encoding="base64"><![CDATA[DQo=]]></stream>

[10] [Step Debug] -> <stream xmlns="urn:debugger_protocol_v1" xmlns:xdebug="https://xdebug.org/dbgp/xdebug" type="stdout" encoding="base64"><![CDATA[ZGF0ZTogV2VkLCAwNSBNYXkgMjAyMSAwODoxODoyMSBHTVQ=]]></stream>

[10] [Step Debug] -> <stream xmlns="urn:debugger_protocol_v1" xmlns:xdebug="https://xdebug.org/dbgp/xdebug" type="stdout" encoding="base64"><![CDATA[DQo=]]></stream>

[10] [Step Debug] -> <stream xmlns="urn:debugger_protocol_v1" xmlns:xdebug="https://xdebug.org/dbgp/xdebug" type="stdout" encoding="base64"><![CDATA[WC1SYXRlTGltaXQtTGltaXQ6IDYw]]></stream>

[10] [Step Debug] -> <stream xmlns="urn:debugger_protocol_v1" xmlns:xdebug="https://xdebug.org/dbgp/xdebug" type="stdout" encoding="base64"><![CDATA[DQo=]]></stream>

[10] [Step Debug] -> <stream xmlns="urn:debugger_protocol_v1" xmlns:xdebug="https://xdebug.org/dbgp/xdebug" type="stdout" encoding="base64"><![CDATA[WC1SYXRlTGltaXQtUmVtYWluaW5nOiA1OQ==]]></stream>

[10] [Step Debug] -> <stream xmlns="urn:debugger_protocol_v1" xmlns:xdebug="https://xdebug.org/dbgp/xdebug" type="stdout" encoding="base64"><![CDATA[DQo=]]></stream>

[10] [Step Debug] -> <stream xmlns="urn:debugger_protocol_v1" xmlns:xdebug="https://xdebug.org/dbgp/xdebug" type="stdout" encoding="base64"><![CDATA[Q29udGVudC1UeXBlOiB0ZXh0L2h0bWw7IGNoYXJzZXQ9VVRGLTg=]]></stream>

[10] [Step Debug] -> <stream xmlns="urn:debugger_protocol_v1" xmlns:xdebug="https://xdebug.org/dbgp/xdebug" type="stdout" encoding="base64"><![CDATA[DQo=]]></stream>

[10] [Step Debug] -> <stream xmlns="urn:debugger_protocol_v1" xmlns:xdebug="https://xdebug.org/dbgp/xdebug" type="stdout" encoding="base64"><![CDATA[QWNjZXNzLUNvbnRyb2wtQWxsb3ctT3JpZ2luOiAq]]></stream>

[10] [Step Debug] -> <stream xmlns="urn:debugger_protocol_v1" xmlns:xdebug="https://xdebug.org/dbgp/xdebug" type="stdout" encoding="base64"><![CDATA[DQo=]]></stream>

[10] [Step Debug] -> <stream xmlns="urn:debugger_protocol_v1" xmlns:xdebug="https://xdebug.org/dbgp/xdebug" type="stdout" encoding="base64"><![CDATA[DQo=]]></stream>

[10] [Step Debug] -> <stream xmlns="urn:debugger_protocol_v1" xmlns:xdebug="https://xdebug.org/dbgp/xdebug" type="stdout" encoding="base64"><![CDATA[PCFET0NUWVBFIGh0bWw+CjxodG1sIGxhbmc9ImVuIj4KICAgIDxoZWFkPgogICAgICAgIDxtZXRhIGNoYXJzZXQ9InV0Zi04Ij4KICAgICAgICA8bWV0YSBuYW1lPSJ2aWV3cG9ydCIgY29udGVudD0id2lkdGg9ZGV2aWNlLXdpZHRoLCBpbml0aWFsLXNjYWxlPTEiPgoKICAgICAgICA8dGl0bGU+VW5hdXRob3JpemVkPC90aXRsZT4KCiAgICAgICAgPCEtLSBGb250cyAtLT4KICAgICAgICA8bGluayByZWw9InByZWNvbm5lY3QiIGhyZWY9Imh0dHBzOi8vZm9udHMuZ3N0YXRpYy5jb20iPgogICAgICAg
[10] [Step Debug] -> <response xmlns="urn:debugger_protocol_v1" xmlns:xdebug="https://xdebug.org/dbgp/xdebug" command="run" transaction_id="16" status="stopping" reason="ok"></response>

[10] [Step Debug] <- detach -i 17
[10] [Step Debug] -> <response xmlns="urn:debugger_protocol_v1" xmlns:xdebug="https://xdebug.org/dbgp/xdebug" command="detach" transaction_id="17" status="stopping" reason="ok"></response>

[10] Log closed at 2021-05-05 08:18:21.333221

[28] Log opened at 2021-05-05 08:21:03.450093
[28] [Step Debug] INFO: Checking remote connect back address.
[28] [Step Debug] INFO: Checking header 'HTTP_X_FORWARDED_FOR'.
[28] [Step Debug] INFO: Checking header 'REMOTE_ADDR'.
[28] [Step Debug] INFO: Client host discovered through HTTP header, connecting to 172.28.0.1:9000.
[28] [Step Debug] INFO: Connected to debugging client: 172.28.0.1:9000 (from REMOTE_ADDR HTTP header). :-)
[28] [Step Debug] -> <init xmlns="urn:debugger_protocol_v1" xmlns:xdebug="https://xdebug.org/dbgp/xdebug" fileuri="file:///var/www/html/public/index.php" language="PHP" xdebug:language_version="7.4.18" protocol_version="1.0" appid="28"><engine version="3.0.0"><![CDATA[Xdebug]]></engine><author><![CDATA[Derick Rethans]]></author><url><![CDATA[https://xdebug.org]]></url><copyright><![CDATA[Copyright (c) 2002-2020 by Derick Rethans]]></copyright></init>

[28] [Step Debug] <- feature_set -i 1 -n show_hidden -v 1
[28] [Step Debug] -> <response xmlns="urn:debugger_protocol_v1" xmlns:xdebug="https://xdebug.org/dbgp/xdebug" command="feature_set" transaction_id="1" feature="show_hidden" success="1"></response>

[28] [Step Debug] <- feature_set -i 2 -n max_depth -v 1
[28] [Step Debug] -> <response xmlns="urn:debugger_protocol_v1" xmlns:xdebug="https://xdebug.org/dbgp/xdebug" command="feature_set" transaction_id="2" feature="max_depth" success="1"></response>

[28] [Step Debug] <- feature_set -i 3 -n max_children -v 100
[28] [Step Debug] -> <response xmlns="urn:debugger_protocol_v1" xmlns:xdebug="https://xdebug.org/dbgp/xdebug" command="feature_set" transaction_id="3" feature="max_children" success="1"></response>

[28] [Step Debug] <- feature_set -i 4 -n extended_properties -v 1
[28] [Step Debug] -> <response xmlns="urn:debugger_protocol_v1" xmlns:xdebug="https://xdebug.org/dbgp/xdebug" command="feature_set" transaction_id="4" feature="extended_properties" success="1"></response>

[28] [Step Debug] <- feature_set -i 5 -n notify_ok -v 1
[28] [Step Debug] -> <response xmlns="urn:debugger_protocol_v1" xmlns:xdebug="https://xdebug.org/dbgp/xdebug" command="feature_set" transaction_id="5" feature="notify_ok" success="1"></response>

[28] [Step Debug] <- feature_set -i 6 -n resolved_breakpoints -v 1
[28] [Step Debug] -> <response xmlns="urn:debugger_protocol_v1" xmlns:xdebug="https://xdebug.org/dbgp/xdebug" command="feature_set" transaction_id="6" feature="resolved_breakpoints" success="1"></response>

[28] [Step Debug] <- stdout -i 7 -c 1
[28] [Step Debug] -> <response xmlns="urn:debugger_protocol_v1" xmlns:xdebug="https://xdebug.org/dbgp/xdebug" command="stdout" transaction_id="7" success="1"></response>

[28] [Step Debug] <- status -i 8
[28] [Step Debug] -> <response xmlns="urn:debugger_protocol_v1" xmlns:xdebug="https://xdebug.org/dbgp/xdebug" command="status" transaction_id="8" status="starting" reason="ok"></response>

[28] [Step Debug] <- step_into -i 9
[28] [Step Debug] -> <response xmlns="urn:debugger_protocol_v1" xmlns:xdebug="https://xdebug.org/dbgp/xdebug" command="step_into" transaction_id="9" status="break" reason="ok"><xdebug:message filename="file:///var/www/html/public/index.php" lineno="6"></xdebug:message></response>

[28] [Step Debug] <- eval -i 10 -- aXNzZXQoJF9TRVJWRVJbJ1BIUF9JREVfQ09ORklHJ10p
[28] [Step Debug] -> <response xmlns="urn:debugger_protocol_v1" xmlns:xdebug="https://xdebug.org/dbgp/xdebug" command="eval" transaction_id="10"><property type="bool"><![CDATA[0]]></property></response>

[28] [Step Debug] <- eval -i 11 -- aXNzZXQoJF9TRVJWRVJbJ1NFUlZFUl9OQU1FJ10p
[28] [Step Debug] -> <response xmlns="urn:debugger_protocol_v1" xmlns:xdebug="https://xdebug.org/dbgp/xdebug" command="eval" transaction_id="11"><property type="bool"><![CDATA[1]]></property></response>

[28] [Step Debug] <- eval -i 12 -- KHN0cmluZykoJF9TRVJWRVJbJ1NFUlZFUl9OQU1FJ10p
[28] [Step Debug] -> <response xmlns="urn:debugger_protocol_v1" xmlns:xdebug="https://xdebug.org/dbgp/xdebug" command="eval" transaction_id="12"><property type="string" size="1" encoding="base64"><![CDATA[Xw==]]></property></response>

[28] [Step Debug] <- eval -i 13 -- KHN0cmluZykoJF9TRVJWRVJbJ1NFUlZFUl9QT1JUJ10p
[28] [Step Debug] -> <response xmlns="urn:debugger_protocol_v1" xmlns:xdebug="https://xdebug.org/dbgp/xdebug" command="eval" transaction_id="13"><property type="string" size="2" encoding="base64"><![CDATA[ODA=]]></property></response>

[28] [Step Debug] <- eval -i 14 -- KHN0cmluZykoJF9TRVJWRVJbJ1JFUVVFU1RfVVJJJ10p
[28] [Step Debug] -> <response xmlns="urn:debugger_protocol_v1" xmlns:xdebug="https://xdebug.org/dbgp/xdebug" command="eval" transaction_id="14"><property type="string" size="15" encoding="base64"><![CDATA[L2FwaS9hdXRoL2xvZ2lu]]></property></response>

[28] [Step Debug] <- stack_get -i 15
[28] [Step Debug] -> <response xmlns="urn:debugger_protocol_v1" xmlns:xdebug="https://xdebug.org/dbgp/xdebug" command="stack_get" transaction_id="15"><stack where="{main}" level="0" type="file" filename="file:///var/www/html/public/index.php" lineno="6"></stack></response>

[28] [Step Debug] <- run -i 16
[28] [Step Debug] -> <stream xmlns="urn:debugger_protocol_v1" xmlns:xdebug="https://xdebug.org/dbgp/xdebug" type="stdout" encoding="base64"><![CDATA[U3RhdHVzOiA0MDEgVW5hdXRob3JpemVkDQo=]]></stream>

[28] [Step Debug] -> <stream xmlns="urn:debugger_protocol_v1" xmlns:xdebug="https://xdebug.org/dbgp/xdebug" type="stdout" encoding="base64"><![CDATA[WC1Qb3dlcmVkLUJ5OiBQSFAvNy40LjE4]]></stream>

[28] [Step Debug] -> <stream xmlns="urn:debugger_protocol_v1" xmlns:xdebug="https://xdebug.org/dbgp/xdebug" type="stdout" encoding="base64"><![CDATA[DQo=]]></stream>

[28] [Step Debug] -> <stream xmlns="urn:debugger_protocol_v1" xmlns:xdebug="https://xdebug.org/dbgp/xdebug" type="stdout" encoding="base64"><![CDATA[d3d3LWF1dGhlbnRpY2F0ZTogand0LWF1dGg=]]></stream>

[28] [Step Debug] -> <stream xmlns="urn:debugger_protocol_v1" xmlns:xdebug="https://xdebug.org/dbgp/xdebug" type="stdout" encoding="base64"><![CDATA[DQo=]]></stream>

[28] [Step Debug] -> <stream xmlns="urn:debugger_protocol_v1" xmlns:xdebug="https://xdebug.org/dbgp/xdebug" type="stdout" encoding="base64"><![CDATA[Q2FjaGUtQ29udHJvbDogbm8tY2FjaGUsIHByaXZhdGU=]]></stream>

[28] [Step Debug] -> <stream xmlns="urn:debugger_protocol_v1" xmlns:xdebug="https://xdebug.org/dbgp/xdebug" type="stdout" encoding="base64"><![CDATA[DQo=]]></stream>

[28] [Step Debug] -> <stream xmlns="urn:debugger_protocol_v1" xmlns:xdebug="https://xdebug.org/dbgp/xdebug" type="stdout" encoding="base64"><![CDATA[ZGF0ZTogV2VkLCAwNSBNYXkgMjAyMSAwODoyMTowMyBHTVQ=]]></stream>

[28] [Step Debug] -> <stream xmlns="urn:debugger_protocol_v1" xmlns:xdebug="https://xdebug.org/dbgp/xdebug" type="stdout" encoding="base64"><![CDATA[DQo=]]></stream>

[28] [Step Debug] -> <stream xmlns="urn:debugger_protocol_v1" xmlns:xdebug="https://xdebug.org/dbgp/xdebug" type="stdout" encoding="base64"><![CDATA[WC1SYXRlTGltaXQtTGltaXQ6IDYw]]></stream>

[28] [Step Debug] -> <stream xmlns="urn:debugger_protocol_v1" xmlns:xdebug="https://xdebug.org/dbgp/xdebug" type="stdout" encoding="base64"><![CDATA[DQo=]]></stream>

[28] [Step Debug] -> <stream xmlns="urn:debugger_protocol_v1" xmlns:xdebug="https://xdebug.org/dbgp/xdebug" type="stdout" encoding="base64"><![CDATA[WC1SYXRlTGltaXQtUmVtYWluaW5nOiA1OQ==]]></stream>

[28] [Step Debug] -> <stream xmlns="urn:debugger_protocol_v1" xmlns:xdebug="https://xdebug.org/dbgp/xdebug" type="stdout" encoding="base64"><![CDATA[DQo=]]></stream>

[28] [Step Debug] -> <stream xmlns="urn:debugger_protocol_v1" xmlns:xdebug="https://xdebug.org/dbgp/xdebug" type="stdout" encoding="base64"><![CDATA[Q29udGVudC1UeXBlOiB0ZXh0L2h0bWw7IGNoYXJzZXQ9VVRGLTg=]]></stream>

[28] [Step Debug] -> <stream xmlns="urn:debugger_protocol_v1" xmlns:xdebug="https://xdebug.org/dbgp/xdebug" type="stdout" encoding="base64"><![CDATA[DQo=]]></stream>

[28] [Step Debug] -> <stream xmlns="urn:debugger_protocol_v1" xmlns:xdebug="https://xdebug.org/dbgp/xdebug" type="stdout" encoding="base64"><![CDATA[QWNjZXNzLUNvbnRyb2wtQWxsb3ctT3JpZ2luOiAq]]></stream>

[28] [Step Debug] -> <stream xmlns="urn:debugger_protocol_v1" xmlns:xdebug="https://xdebug.org/dbgp/xdebug" type="stdout" encoding="base64"><![CDATA[DQo=]]></stream>

[28] [Step Debug] -> <stream xmlns="urn:debugger_protocol_v1" xmlns:xdebug="https://xdebug.org/dbgp/xdebug" type="stdout" encoding="base64"><![CDATA[DQo=]]></stream>

[28] [Step Debug] -> <stream xmlns="urn:debugger_protocol_v1" xmlns:xdebug="https://xdebug.org/dbgp/xdebug" type="stdout" encoding="base64"><![CDATA[PCFET0NUWVBFIGh0bWw+CjxodG1sIGxhbmc9ImVuIj4KICAgIDxoZWFkPgogICAgICAgIDxtZXRhIGNoYXJzZXQ9InV0Zi04Ij4KICAgICAgICA8bWV0YSBuYW1lPSJ2aWV3cG9ydCIgY29udGVudD0id2lkdGg9ZGV2aWNlLXdpZHRoLCBpbml0aWFsLXNjYWxlPTEiPgoKICAgICAgICA8dGl0bGU+VW5hdXRob3JpemVkPC90aXRsZT4KCiAgICAgICAgPCEtLSBGb250cyAtLT4KICAgICAgICA8bGluayByZWw9InByZWNvbm5lY3QiIGhyZWY9Imh0dHBzOi8vZm9udHMuZ3N0YXRpYy5jb20iPgogICAgICAg
[28] [Step Debug] -> <response xmlns="urn:debugger_protocol_v1" xmlns:xdebug="https://xdebug.org/dbgp/xdebug" command="run" transaction_id="16" status="stopping" reason="ok"></response>

[28] [Step Debug] <- detach -i 17
[28] [Step Debug] -> <response xmlns="urn:debugger_protocol_v1" xmlns:xdebug="https://xdebug.org/dbgp/xdebug" command="detach" transaction_id="17" status="stopping" reason="ok"></response>

[28] Log closed at 2021-05-05 08:21:03.758571

[10] Log opened at 2021-05-05 08:22:02.772064
[10] [Step Debug] INFO: Checking remote connect back address.
[10] [Step Debug] INFO: Checking header 'HTTP_X_FORWARDED_FOR'.
[10] [Step Debug] INFO: Checking header 'REMOTE_ADDR'.
[10] [Step Debug] INFO: Client host discovered through HTTP header, connecting to 172.28.0.1:9000.
[10] [Step Debug] INFO: Connected to debugging client: 172.28.0.1:9000 (from REMOTE_ADDR HTTP header). :-)
[10] [Step Debug] -> <init xmlns="urn:debugger_protocol_v1" xmlns:xdebug="https://xdebug.org/dbgp/xdebug" fileuri="file:///var/www/html/public/index.php" language="PHP" xdebug:language_version="7.4.18" protocol_version="1.0" appid="10"><engine version="3.0.0"><![CDATA[Xdebug]]></engine><author><![CDATA[Derick Rethans]]></author><url><![CDATA[https://xdebug.org]]></url><copyright><![CDATA[Copyright (c) 2002-2020 by Derick Rethans]]></copyright></init>

[10] [Step Debug] <- feature_set -i 1 -n show_hidden -v 1
[10] [Step Debug] -> <response xmlns="urn:debugger_protocol_v1" xmlns:xdebug="https://xdebug.org/dbgp/xdebug" command="feature_set" transaction_id="1" feature="show_hidden" success="1"></response>

[10] [Step Debug] <- feature_set -i 2 -n max_depth -v 1
[10] [Step Debug] -> <response xmlns="urn:debugger_protocol_v1" xmlns:xdebug="https://xdebug.org/dbgp/xdebug" command="feature_set" transaction_id="2" feature="max_depth" success="1"></response>

[10] [Step Debug] <- feature_set -i 3 -n max_children -v 100
[10] [Step Debug] -> <response xmlns="urn:debugger_protocol_v1" xmlns:xdebug="https://xdebug.org/dbgp/xdebug" command="feature_set" transaction_id="3" feature="max_children" success="1"></response>

[10] [Step Debug] <- feature_set -i 4 -n extended_properties -v 1
[10] [Step Debug] -> <response xmlns="urn:debugger_protocol_v1" xmlns:xdebug="https://xdebug.org/dbgp/xdebug" command="feature_set" transaction_id="4" feature="extended_properties" success="1"></response>

[10] [Step Debug] <- feature_set -i 5 -n notify_ok -v 1
[10] [Step Debug] -> <response xmlns="urn:debugger_protocol_v1" xmlns:xdebug="https://xdebug.org/dbgp/xdebug" command="feature_set" transaction_id="5" feature="notify_ok" success="1"></response>

[10] [Step Debug] <- feature_set -i 6 -n resolved_breakpoints -v 1
[10] [Step Debug] -> <response xmlns="urn:debugger_protocol_v1" xmlns:xdebug="https://xdebug.org/dbgp/xdebug" command="feature_set" transaction_id="6" feature="resolved_breakpoints" success="1"></response>

[10] [Step Debug] <- stdout -i 7 -c 1
[10] [Step Debug] -> <response xmlns="urn:debugger_protocol_v1" xmlns:xdebug="https://xdebug.org/dbgp/xdebug" command="stdout" transaction_id="7" success="1"></response>

[10] [Step Debug] <- status -i 8
[10] [Step Debug] -> <response xmlns="urn:debugger_protocol_v1" xmlns:xdebug="https://xdebug.org/dbgp/xdebug" command="status" transaction_id="8" status="starting" reason="ok"></response>

[10] [Step Debug] <- step_into -i 9
[10] [Step Debug] -> <response xmlns="urn:debugger_protocol_v1" xmlns:xdebug="https://xdebug.org/dbgp/xdebug" command="step_into" transaction_id="9" status="break" reason="ok"><xdebug:message filename="file:///var/www/html/public/index.php" lineno="6"></xdebug:message></response>

[10] [Step Debug] <- eval -i 10 -- aXNzZXQoJF9TRVJWRVJbJ1BIUF9JREVfQ09ORklHJ10p
[10] [Step Debug] -> <response xmlns="urn:debugger_protocol_v1" xmlns:xdebug="https://xdebug.org/dbgp/xdebug" command="eval" transaction_id="10"><property type="bool"><![CDATA[0]]></property></response>

[10] [Step Debug] <- eval -i 11 -- aXNzZXQoJF9TRVJWRVJbJ1NFUlZFUl9OQU1FJ10p
[10] [Step Debug] -> <response xmlns="urn:debugger_protocol_v1" xmlns:xdebug="https://xdebug.org/dbgp/xdebug" command="eval" transaction_id="11"><property type="bool"><![CDATA[1]]></property></response>

[10] [Step Debug] <- eval -i 12 -- KHN0cmluZykoJF9TRVJWRVJbJ1NFUlZFUl9OQU1FJ10p
[10] [Step Debug] -> <response xmlns="urn:debugger_protocol_v1" xmlns:xdebug="https://xdebug.org/dbgp/xdebug" command="eval" transaction_id="12"><property type="string" size="1" encoding="base64"><![CDATA[Xw==]]></property></response>

[10] [Step Debug] <- eval -i 13 -- KHN0cmluZykoJF9TRVJWRVJbJ1NFUlZFUl9QT1JUJ10p
[10] [Step Debug] -> <response xmlns="urn:debugger_protocol_v1" xmlns:xdebug="https://xdebug.org/dbgp/xdebug" command="eval" transaction_id="13"><property type="string" size="2" encoding="base64"><![CDATA[ODA=]]></property></response>

[10] [Step Debug] <- eval -i 14 -- KHN0cmluZykoJF9TRVJWRVJbJ1JFUVVFU1RfVVJJJ10p
[10] [Step Debug] -> <response xmlns="urn:debugger_protocol_v1" xmlns:xdebug="https://xdebug.org/dbgp/xdebug" command="eval" transaction_id="14"><property type="string" size="15" encoding="base64"><![CDATA[L2FwaS9hdXRoL2xvZ2lu]]></property></response>

[10] [Step Debug] <- stack_get -i 15
[10] [Step Debug] -> <response xmlns="urn:debugger_protocol_v1" xmlns:xdebug="https://xdebug.org/dbgp/xdebug" command="stack_get" transaction_id="15"><stack where="{main}" level="0" type="file" filename="file:///var/www/html/public/index.php" lineno="6"></stack></response>

[10] [Step Debug] <- run -i 16
[10] [Step Debug] -> <stream xmlns="urn:debugger_protocol_v1" xmlns:xdebug="https://xdebug.org/dbgp/xdebug" type="stdout" encoding="base64"><![CDATA[WC1Qb3dlcmVkLUJ5OiBQSFAvNy40LjE4]]></stream>

[10] [Step Debug] -> <stream xmlns="urn:debugger_protocol_v1" xmlns:xdebug="https://xdebug.org/dbgp/xdebug" type="stdout" encoding="base64"><![CDATA[DQo=]]></stream>

[10] [Step Debug] -> <stream xmlns="urn:debugger_protocol_v1" xmlns:xdebug="https://xdebug.org/dbgp/xdebug" type="stdout" encoding="base64"><![CDATA[Q2FjaGUtQ29udHJvbDogbm8tY2FjaGUsIHByaXZhdGU=]]></stream>

[10] [Step Debug] -> <stream xmlns="urn:debugger_protocol_v1" xmlns:xdebug="https://xdebug.org/dbgp/xdebug" type="stdout" encoding="base64"><![CDATA[DQo=]]></stream>

[10] [Step Debug] -> <stream xmlns="urn:debugger_protocol_v1" xmlns:xdebug="https://xdebug.org/dbgp/xdebug" type="stdout" encoding="base64"><![CDATA[RGF0ZTogV2VkLCAwNSBNYXkgMjAyMSAwODoyMjowMyBHTVQ=]]></stream>

[10] [Step Debug] -> <stream xmlns="urn:debugger_protocol_v1" xmlns:xdebug="https://xdebug.org/dbgp/xdebug" type="stdout" encoding="base64"><![CDATA[DQo=]]></stream>

[10] [Step Debug] -> <stream xmlns="urn:debugger_protocol_v1" xmlns:xdebug="https://xdebug.org/dbgp/xdebug" type="stdout" encoding="base64"><![CDATA[Q29udGVudC1UeXBlOiBhcHBsaWNhdGlvbi9qc29u]]></stream>

[10] [Step Debug] -> <stream xmlns="urn:debugger_protocol_v1" xmlns:xdebug="https://xdebug.org/dbgp/xdebug" type="stdout" encoding="base64"><![CDATA[DQo=]]></stream>

[10] [Step Debug] -> <stream xmlns="urn:debugger_protocol_v1" xmlns:xdebug="https://xdebug.org/dbgp/xdebug" type="stdout" encoding="base64"><![CDATA[WC1SYXRlTGltaXQtTGltaXQ6IDYw]]></stream>

[10] [Step Debug] -> <stream xmlns="urn:debugger_protocol_v1" xmlns:xdebug="https://xdebug.org/dbgp/xdebug" type="stdout" encoding="base64"><![CDATA[DQo=]]></stream>

[10] [Step Debug] -> <stream xmlns="urn:debugger_protocol_v1" xmlns:xdebug="https://xdebug.org/dbgp/xdebug" type="stdout" encoding="base64"><![CDATA[WC1SYXRlTGltaXQtUmVtYWluaW5nOiA2MA==]]></stream>

[10] [Step Debug] -> <stream xmlns="urn:debugger_protocol_v1" xmlns:xdebug="https://xdebug.org/dbgp/xdebug" type="stdout" encoding="base64"><![CDATA[DQo=]]></stream>

[10] [Step Debug] -> <stream xmlns="urn:debugger_protocol_v1" xmlns:xdebug="https://xdebug.org/dbgp/xdebug" type="stdout" encoding="base64"><![CDATA[QWNjZXNzLUNvbnRyb2wtQWxsb3ctT3JpZ2luOiAq]]></stream>

[10] [Step Debug] -> <stream xmlns="urn:debugger_protocol_v1" xmlns:xdebug="https://xdebug.org/dbgp/xdebug" type="stdout" encoding="base64"><![CDATA[DQo=]]></stream>

[10] [Step Debug] -> <stream xmlns="urn:debugger_protocol_v1" xmlns:xdebug="https://xdebug.org/dbgp/xdebug" type="stdout" encoding="base64"><![CDATA[DQo=]]></stream>

[10] [Step Debug] -> <stream xmlns="urn:debugger_protocol_v1" xmlns:xdebug="https://xdebug.org/dbgp/xdebug" type="stdout" encoding="base64"><![CDATA[eyJhY2Nlc3NfdG9rZW4iOiJleUowZVhBaU9pSktWMVFpTENKaGJHY2lPaUpJVXpJMU5pSjkuZXlKcGMzTWlPaUpvZEhSd09sd3ZYQzlzYjJOaGJHaHZjM1E2T0RBd01Wd3ZZWEJwWEM5aGRYUm9YQzlzYjJkcGJpSXNJbWxoZENJNk1UWXlNREl3TWpreU15d2laWGh3SWpveE5qSXdNakEyTlRJekxDSnVZbVlpT2pFMk1qQXlNREk1TWpNc0ltcDBhU0k2SWpSc05GZGliazlwTlV0Q2JUSjFNRGNpTENKemRXSWlPakVzSW5CeWRpSTZJbU00WldVeFptTTRPV1UzTnpWbFl6UmpOek00TmpZM1pUVmlaVEUzWVRV
[10] [Step Debug] -> <response xmlns="urn:debugger_protocol_v1" xmlns:xdebug="https://xdebug.org/dbgp/xdebug" command="run" transaction_id="16" status="stopping" reason="ok"></response>

[10] [Step Debug] <- detach -i 17
[10] [Step Debug] -> <response xmlns="urn:debugger_protocol_v1" xmlns:xdebug="https://xdebug.org/dbgp/xdebug" command="detach" transaction_id="17" status="stopping" reason="ok"></response>

[10] Log closed at 2021-05-05 08:22:03.068473

[28] Log opened at 2021-05-05 08:24:06.325020
[28] [Step Debug] INFO: Checking remote connect back address.
[28] [Step Debug] INFO: Checking header 'HTTP_X_FORWARDED_FOR'.
[28] [Step Debug] INFO: Checking header 'REMOTE_ADDR'.
[28] [Step Debug] INFO: Client host discovered through HTTP header, connecting to 172.28.0.1:9000.
[28] [Step Debug] WARN: Creating socket for '172.28.0.1:9000', poll success, but error: Operation in progress (29).
[28] [Step Debug] WARN: Could not connect to client host discovered through HTTP headers, connecting to configured address/port: localhost:9000. :-|
[28] [Step Debug] INFO: Connected to debugging client: 172.28.0.1:9000 (from REMOTE_ADDR HTTP header), localhost:9000 (fallback through xdebug.client_host/xdebug.client_port). :-)
[28] [Step Debug] -> <init xmlns="urn:debugger_protocol_v1" xmlns:xdebug="https://xdebug.org/dbgp/xdebug" fileuri="file:///var/www/html/public/index.php" language="PHP" xdebug:language_version="7.4.18" protocol_version="1.0" appid="28"><engine version="3.0.0"><![CDATA[Xdebug]]></engine><author><![CDATA[Derick Rethans]]></author><url><![CDATA[https://xdebug.org]]></url><copyright><![CDATA[Copyright (c) 2002-2020 by Derick Rethans]]></copyright></init>

[28] [Step Debug] -> <response xmlns="urn:debugger_protocol_v1" xmlns:xdebug="https://xdebug.org/dbgp/xdebug" status="stopping" reason="ok"></response>

[28] [Step Debug] WARN: 2021-05-05 08:24:06.584847: There was a problem sending 179 bytes on socket 6: Broken pipe.
[28] Log closed at 2021-05-05 08:24:06.586083

[10] Log opened at 2021-05-05 08:24:21.687835
[10] [Step Debug] INFO: Checking remote connect back address.
[10] [Step Debug] INFO: Checking header 'HTTP_X_FORWARDED_FOR'.
[10] [Step Debug] INFO: Checking header 'REMOTE_ADDR'.
[10] [Step Debug] INFO: Client host discovered through HTTP header, connecting to 172.28.0.1:9000.
[10] [Step Debug] WARN: Creating socket for '172.28.0.1:9000', poll success, but error: Operation in progress (29).
[10] [Step Debug] WARN: Could not connect to client host discovered through HTTP headers, connecting to configured address/port: localhost:9000. :-|
[10] [Step Debug] INFO: Connected to debugging client: 172.28.0.1:9000 (from REMOTE_ADDR HTTP header), localhost:9000 (fallback through xdebug.client_host/xdebug.client_port). :-)
[10] [Step Debug] -> <init xmlns="urn:debugger_protocol_v1" xmlns:xdebug="https://xdebug.org/dbgp/xdebug" fileuri="file:///var/www/html/public/index.php" language="PHP" xdebug:language_version="7.4.18" protocol_version="1.0" appid="10"><engine version="3.0.0"><![CDATA[Xdebug]]></engine><author><![CDATA[Derick Rethans]]></author><url><![CDATA[https://xdebug.org]]></url><copyright><![CDATA[Copyright (c) 2002-2020 by Derick Rethans]]></copyright></init>

[10] [Step Debug] -> <response xmlns="urn:debugger_protocol_v1" xmlns:xdebug="https://xdebug.org/dbgp/xdebug" status="stopping" reason="ok"></response>

[10] [Step Debug] WARN: 2021-05-05 08:24:21.955294: There was a problem sending 179 bytes on socket 6: Broken pipe.
[10] Log closed at 2021-05-05 08:24:21.956727

[28] Log opened at 2021-05-05 08:25:35.020925
[28] [Step Debug] INFO: Checking remote connect back address.
[28] [Step Debug] INFO: Checking header 'HTTP_X_FORWARDED_FOR'.
[28] [Step Debug] INFO: Checking header 'REMOTE_ADDR'.
[28] [Step Debug] INFO: Client host discovered through HTTP header, connecting to 172.28.0.1:9000.
[28] [Step Debug] WARN: Creating socket for '172.28.0.1:9000', poll success, but error: Operation in progress (29).
[28] [Step Debug] WARN: Could not connect to client host discovered through HTTP headers, connecting to configured address/port: localhost:9000. :-|
[28] [Step Debug] INFO: Connected to debugging client: 172.28.0.1:9000 (from REMOTE_ADDR HTTP header), localhost:9000 (fallback through xdebug.client_host/xdebug.client_port). :-)
[28] [Step Debug] -> <init xmlns="urn:debugger_protocol_v1" xmlns:xdebug="https://xdebug.org/dbgp/xdebug" fileuri="file:///var/www/html/public/index.php" language="PHP" xdebug:language_version="7.4.18" protocol_version="1.0" appid="28"><engine version="3.0.0"><![CDATA[Xdebug]]></engine><author><![CDATA[Derick Rethans]]></author><url><![CDATA[https://xdebug.org]]></url><copyright><![CDATA[Copyright (c) 2002-2020 by Derick Rethans]]></copyright></init>

[28] [Step Debug] -> <response xmlns="urn:debugger_protocol_v1" xmlns:xdebug="https://xdebug.org/dbgp/xdebug" status="stopping" reason="ok"></response>

[28] [Step Debug] WARN: 2021-05-05 08:25:35.222025: There was a problem sending 179 bytes on socket 6: Broken pipe.
[28] Log closed at 2021-05-05 08:25:35.223331

[10] Log opened at 2021-05-05 08:26:19.855685
[10] [Step Debug] INFO: Checking remote connect back address.
[10] [Step Debug] INFO: Checking header 'HTTP_X_FORWARDED_FOR'.
[10] [Step Debug] INFO: Checking header 'REMOTE_ADDR'.
[10] [Step Debug] INFO: Client host discovered through HTTP header, connecting to 172.28.0.1:9000.
[10] [Step Debug] WARN: Creating socket for '172.28.0.1:9000', poll success, but error: Operation in progress (29).
[10] [Step Debug] WARN: Could not connect to client host discovered through HTTP headers, connecting to configured address/port: localhost:9000. :-|
[10] [Step Debug] INFO: Connected to debugging client: 172.28.0.1:9000 (from REMOTE_ADDR HTTP header), localhost:9000 (fallback through xdebug.client_host/xdebug.client_port). :-)
[10] [Step Debug] -> <init xmlns="urn:debugger_protocol_v1" xmlns:xdebug="https://xdebug.org/dbgp/xdebug" fileuri="file:///var/www/html/public/index.php" language="PHP" xdebug:language_version="7.4.18" protocol_version="1.0" appid="10"><engine version="3.0.0"><![CDATA[Xdebug]]></engine><author><![CDATA[Derick Rethans]]></author><url><![CDATA[https://xdebug.org]]></url><copyright><![CDATA[Copyright (c) 2002-2020 by Derick Rethans]]></copyright></init>

[10] [Step Debug] -> <response xmlns="urn:debugger_protocol_v1" xmlns:xdebug="https://xdebug.org/dbgp/xdebug" status="stopping" reason="ok"></response>

[10] [Step Debug] WARN: 2021-05-05 08:26:20.015688: There was a problem sending 179 bytes on socket 6: Broken pipe.
[10] Log closed at 2021-05-05 08:26:20.017031

[28] Log opened at 2021-05-05 08:26:30.676329
[28] [Step Debug] INFO: Checking remote connect back address.
[28] [Step Debug] INFO: Checking header 'HTTP_X_FORWARDED_FOR'.
[28] [Step Debug] INFO: Checking header 'REMOTE_ADDR'.
[28] [Step Debug] INFO: Client host discovered through HTTP header, connecting to 172.28.0.1:9000.
[28] [Step Debug] WARN: Creating socket for '172.28.0.1:9000', poll success, but error: Operation in progress (29).
[28] [Step Debug] WARN: Could not connect to client host discovered through HTTP headers, connecting to configured address/port: localhost:9000. :-|
[28] [Step Debug] INFO: Connected to debugging client: 172.28.0.1:9000 (from REMOTE_ADDR HTTP header), localhost:9000 (fallback through xdebug.client_host/xdebug.client_port). :-)
[28] [Step Debug] -> <init xmlns="urn:debugger_protocol_v1" xmlns:xdebug="https://xdebug.org/dbgp/xdebug" fileuri="file:///var/www/html/public/index.php" language="PHP" xdebug:language_version="7.4.18" protocol_version="1.0" appid="28"><engine version="3.0.0"><![CDATA[Xdebug]]></engine><author><![CDATA[Derick Rethans]]></author><url><![CDATA[https://xdebug.org]]></url><copyright><![CDATA[Copyright (c) 2002-2020 by Derick Rethans]]></copyright></init>

[28] [Step Debug] -> <response xmlns="urn:debugger_protocol_v1" xmlns:xdebug="https://xdebug.org/dbgp/xdebug" status="stopping" reason="ok"></response>

[28] [Step Debug] WARN: 2021-05-05 08:26:30.834432: There was a problem sending 179 bytes on socket 6: Broken pipe.
[28] Log closed at 2021-05-05 08:26:30.835630

[10] Log opened at 2021-05-05 08:26:34.420612
[10] [Step Debug] INFO: Checking remote connect back address.
[10] [Step Debug] INFO: Checking header 'HTTP_X_FORWARDED_FOR'.
[10] [Step Debug] INFO: Checking header 'REMOTE_ADDR'.
[10] [Step Debug] INFO: Client host discovered through HTTP header, connecting to 172.28.0.1:9000.
[10] [Step Debug] WARN: Creating socket for '172.28.0.1:9000', poll success, but error: Operation in progress (29).
[10] [Step Debug] WARN: Could not connect to client host discovered through HTTP headers, connecting to configured address/port: localhost:9000. :-|
[10] [Step Debug] INFO: Connected to debugging client: 172.28.0.1:9000 (from REMOTE_ADDR HTTP header), localhost:9000 (fallback through xdebug.client_host/xdebug.client_port). :-)
[10] [Step Debug] -> <init xmlns="urn:debugger_protocol_v1" xmlns:xdebug="https://xdebug.org/dbgp/xdebug" fileuri="file:///var/www/html/public/index.php" language="PHP" xdebug:language_version="7.4.18" protocol_version="1.0" appid="10"><engine version="3.0.0"><![CDATA[Xdebug]]></engine><author><![CDATA[Derick Rethans]]></author><url><![CDATA[https://xdebug.org]]></url><copyright><![CDATA[Copyright (c) 2002-2020 by Derick Rethans]]></copyright></init>

[10] [Step Debug] -> <response xmlns="urn:debugger_protocol_v1" xmlns:xdebug="https://xdebug.org/dbgp/xdebug" status="stopping" reason="ok"></response>

[10] [Step Debug] WARN: 2021-05-05 08:26:34.656601: There was a problem sending 179 bytes on socket 6: Broken pipe.
[10] Log closed at 2021-05-05 08:26:34.658005

[28] Log opened at 2021-05-05 08:26:49.066286
[28] [Step Debug] INFO: Checking remote connect back address.
[28] [Step Debug] INFO: Checking header 'HTTP_X_FORWARDED_FOR'.
[28] [Step Debug] INFO: Checking header 'REMOTE_ADDR'.
[28] [Step Debug] INFO: Client host discovered through HTTP header, connecting to 172.28.0.1:9000.
[28] [Step Debug] WARN: Creating socket for '172.28.0.1:9000', poll success, but error: Operation in progress (29).
[28] [Step Debug] WARN: Could not connect to client host discovered through HTTP headers, connecting to configured address/port: localhost:9000. :-|
[28] [Step Debug] INFO: Connected to debugging client: 172.28.0.1:9000 (from REMOTE_ADDR HTTP header), localhost:9000 (fallback through xdebug.client_host/xdebug.client_port). :-)
[28] [Step Debug] -> <init xmlns="urn:debugger_protocol_v1" xmlns:xdebug="https://xdebug.org/dbgp/xdebug" fileuri="file:///var/www/html/public/index.php" language="PHP" xdebug:language_version="7.4.18" protocol_version="1.0" appid="28"><engine version="3.0.0"><![CDATA[Xdebug]]></engine><author><![CDATA[Derick Rethans]]></author><url><![CDATA[https://xdebug.org]]></url><copyright><![CDATA[Copyright (c) 2002-2020 by Derick Rethans]]></copyright></init>

[28] [Step Debug] -> <response xmlns="urn:debugger_protocol_v1" xmlns:xdebug="https://xdebug.org/dbgp/xdebug" status="stopping" reason="ok"></response>

[28] [Step Debug] WARN: 2021-05-05 08:26:49.260825: There was a problem sending 179 bytes on socket 6: Broken pipe.
[28] Log closed at 2021-05-05 08:26:49.262223

[10] Log opened at 2021-05-05 08:26:54.179922
[10] [Step Debug] INFO: Checking remote connect back address.
[10] [Step Debug] INFO: Checking header 'HTTP_X_FORWARDED_FOR'.
[10] [Step Debug] INFO: Checking header 'REMOTE_ADDR'.
[10] [Step Debug] INFO: Client host discovered through HTTP header, connecting to 172.28.0.1:9000.
[10] [Step Debug] WARN: Creating socket for '172.28.0.1:9000', poll success, but error: Operation in progress (29).
[10] [Step Debug] WARN: Could not connect to client host discovered through HTTP headers, connecting to configured address/port: localhost:9000. :-|
[10] [Step Debug] INFO: Connected to debugging client: 172.28.0.1:9000 (from REMOTE_ADDR HTTP header), localhost:9000 (fallback through xdebug.client_host/xdebug.client_port). :-)
[10] [Step Debug] -> <init xmlns="urn:debugger_protocol_v1" xmlns:xdebug="https://xdebug.org/dbgp/xdebug" fileuri="file:///var/www/html/public/index.php" language="PHP" xdebug:language_version="7.4.18" protocol_version="1.0" appid="10"><engine version="3.0.0"><![CDATA[Xdebug]]></engine><author><![CDATA[Derick Rethans]]></author><url><![CDATA[https://xdebug.org]]></url><copyright><![CDATA[Copyright (c) 2002-2020 by Derick Rethans]]></copyright></init>

[10] [Step Debug] -> <response xmlns="urn:debugger_protocol_v1" xmlns:xdebug="https://xdebug.org/dbgp/xdebug" status="stopping" reason="ok"></response>

[10] [Step Debug] WARN: 2021-05-05 08:26:54.428088: There was a problem sending 179 bytes on socket 6: Broken pipe.
[10] Log closed at 2021-05-05 08:26:54.429744

[28] Log opened at 2021-05-05 08:26:57.046184
[28] [Step Debug] INFO: Checking remote connect back address.
[28] [Step Debug] INFO: Checking header 'HTTP_X_FORWARDED_FOR'.
[28] [Step Debug] INFO: Checking header 'REMOTE_ADDR'.
[28] [Step Debug] INFO: Client host discovered through HTTP header, connecting to 172.28.0.1:9000.
[28] [Step Debug] WARN: Creating socket for '172.28.0.1:9000', poll success, but error: Operation in progress (29).
[28] [Step Debug] WARN: Could not connect to client host discovered through HTTP headers, connecting to configured address/port: localhost:9000. :-|
[28] [Step Debug] INFO: Connected to debugging client: 172.28.0.1:9000 (from REMOTE_ADDR HTTP header), localhost:9000 (fallback through xdebug.client_host/xdebug.client_port). :-)
[28] [Step Debug] -> <init xmlns="urn:debugger_protocol_v1" xmlns:xdebug="https://xdebug.org/dbgp/xdebug" fileuri="file:///var/www/html/public/index.php" language="PHP" xdebug:language_version="7.4.18" protocol_version="1.0" appid="28"><engine version="3.0.0"><![CDATA[Xdebug]]></engine><author><![CDATA[Derick Rethans]]></author><url><![CDATA[https://xdebug.org]]></url><copyright><![CDATA[Copyright (c) 2002-2020 by Derick Rethans]]></copyright></init>

[28] [Step Debug] -> <response xmlns="urn:debugger_protocol_v1" xmlns:xdebug="https://xdebug.org/dbgp/xdebug" status="stopping" reason="ok"></response>

[28] [Step Debug] WARN: 2021-05-05 08:26:57.226598: There was a problem sending 179 bytes on socket 6: Broken pipe.
[28] Log closed at 2021-05-05 08:26:57.227926

[10] Log opened at 2021-05-05 08:27:01.291116
[10] [Step Debug] INFO: Checking remote connect back address.
[10] [Step Debug] INFO: Checking header 'HTTP_X_FORWARDED_FOR'.
[10] [Step Debug] INFO: Checking header 'REMOTE_ADDR'.
[10] [Step Debug] INFO: Client host discovered through HTTP header, connecting to 172.28.0.1:9000.
[10] [Step Debug] WARN: Creating socket for '172.28.0.1:9000', poll success, but error: Operation in progress (29).
[10] [Step Debug] WARN: Could not connect to client host discovered through HTTP headers, connecting to configured address/port: localhost:9000. :-|
[10] [Step Debug] INFO: Connected to debugging client: 172.28.0.1:9000 (from REMOTE_ADDR HTTP header), localhost:9000 (fallback through xdebug.client_host/xdebug.client_port). :-)
[10] [Step Debug] -> <init xmlns="urn:debugger_protocol_v1" xmlns:xdebug="https://xdebug.org/dbgp/xdebug" fileuri="file:///var/www/html/public/index.php" language="PHP" xdebug:language_version="7.4.18" protocol_version="1.0" appid="10"><engine version="3.0.0"><![CDATA[Xdebug]]></engine><author><![CDATA[Derick Rethans]]></author><url><![CDATA[https://xdebug.org]]></url><copyright><![CDATA[Copyright (c) 2002-2020 by Derick Rethans]]></copyright></init>

[10] [Step Debug] -> <response xmlns="urn:debugger_protocol_v1" xmlns:xdebug="https://xdebug.org/dbgp/xdebug" status="stopping" reason="ok"></response>

[10] [Step Debug] WARN: 2021-05-05 08:27:01.549503: There was a problem sending 179 bytes on socket 6: Broken pipe.
[10] Log closed at 2021-05-05 08:27:01.550806

[28] Log opened at 2021-05-05 08:27:04.338351
[28] [Step Debug] INFO: Checking remote connect back address.
[28] [Step Debug] INFO: Checking header 'HTTP_X_FORWARDED_FOR'.
[28] [Step Debug] INFO: Checking header 'REMOTE_ADDR'.
[28] [Step Debug] INFO: Client host discovered through HTTP header, connecting to 172.28.0.1:9000.
[28] [Step Debug] WARN: Creating socket for '172.28.0.1:9000', poll success, but error: Operation in progress (29).
[28] [Step Debug] WARN: Could not connect to client host discovered through HTTP headers, connecting to configured address/port: localhost:9000. :-|
[28] [Step Debug] INFO: Connected to debugging client: 172.28.0.1:9000 (from REMOTE_ADDR HTTP header), localhost:9000 (fallback through xdebug.client_host/xdebug.client_port). :-)
[28] [Step Debug] -> <init xmlns="urn:debugger_protocol_v1" xmlns:xdebug="https://xdebug.org/dbgp/xdebug" fileuri="file:///var/www/html/public/index.php" language="PHP" xdebug:language_version="7.4.18" protocol_version="1.0" appid="28"><engine version="3.0.0"><![CDATA[Xdebug]]></engine><author><![CDATA[Derick Rethans]]></author><url><![CDATA[https://xdebug.org]]></url><copyright><![CDATA[Copyright (c) 2002-2020 by Derick Rethans]]></copyright></init>

[28] [Step Debug] -> <response xmlns="urn:debugger_protocol_v1" xmlns:xdebug="https://xdebug.org/dbgp/xdebug" status="stopping" reason="ok"></response>

[28] [Step Debug] WARN: 2021-05-05 08:27:04.519137: There was a problem sending 179 bytes on socket 6: Broken pipe.
[28] Log closed at 2021-05-05 08:27:04.520539

[10] Log opened at 2021-05-05 08:27:08.031725
[10] [Step Debug] INFO: Checking remote connect back address.
[10] [Step Debug] INFO: Checking header 'HTTP_X_FORWARDED_FOR'.
[10] [Step Debug] INFO: Checking header 'REMOTE_ADDR'.
[10] [Step Debug] INFO: Client host discovered through HTTP header, connecting to 172.28.0.1:9000.
[10] [Step Debug] WARN: Creating socket for '172.28.0.1:9000', poll success, but error: Operation in progress (29).
[10] [Step Debug] WARN: Could not connect to client host discovered through HTTP headers, connecting to configured address/port: localhost:9000. :-|
[10] [Step Debug] INFO: Connected to debugging client: 172.28.0.1:9000 (from REMOTE_ADDR HTTP header), localhost:9000 (fallback through xdebug.client_host/xdebug.client_port). :-)
[10] [Step Debug] -> <init xmlns="urn:debugger_protocol_v1" xmlns:xdebug="https://xdebug.org/dbgp/xdebug" fileuri="file:///var/www/html/public/index.php" language="PHP" xdebug:language_version="7.4.18" protocol_version="1.0" appid="10"><engine version="3.0.0"><![CDATA[Xdebug]]></engine><author><![CDATA[Derick Rethans]]></author><url><![CDATA[https://xdebug.org]]></url><copyright><![CDATA[Copyright (c) 2002-2020 by Derick Rethans]]></copyright></init>

[10] [Step Debug] -> <response xmlns="urn:debugger_protocol_v1" xmlns:xdebug="https://xdebug.org/dbgp/xdebug" status="stopping" reason="ok"></response>

[10] [Step Debug] WARN: 2021-05-05 08:27:08.216516: There was a problem sending 179 bytes on socket 6: Broken pipe.
[10] Log closed at 2021-05-05 08:27:08.218150

